C:\USERS\SON\DESKTOP\T32_RADAR\ESR_RADAR\DEBUG\ESR_RADAR.PCH
C:\USERS\SON\DESKTOP\T32_RADAR\ESR_RADAR\DEBUG\STDAFX.OBJ
C:\USERS\SON\DESKTOP\T32_RADAR\ESR_RADAR\DEBUG\VC110.PDB
C:\USERS\SON\DESKTOP\T32_RADAR\ESR_RADAR\DEBUG\DRAW_CONTROLLER.OBJ
C:\USERS\SON\DESKTOP\T32_RADAR\ESR_RADAR\DEBUG\ESR_RADAR.OBJ
C:\USERS\SON\DESKTOP\T32_RADAR\ESR_RADAR\DEBUG\ESR_RADARDLG.OBJ
C:\USERS\SON\DESKTOP\T32_RADAR\ESR_RADAR\DEBUG\LOG_CONTROLLER.OBJ
C:\USERS\SON\DESKTOP\T32_RADAR\ESR_RADAR\DEBUG\RADAR_PROTOCOL.OBJ
C:\USERS\SON\DESKTOP\T32_RADAR\ESR_RADAR\DEBUG\TCP_CONNECT.OBJ
C:\USERS\SON\DESKTOP\T32_RADAR\DEBUG\ESR_RADAR.ILK
C:\USERS\SON\DESKTOP\T32_RADAR\DEBUG\ESR_RADAR.EXE
C:\USERS\SON\DESKTOP\T32_RADAR\DEBUG\ESR_RADAR.PDB
C:\USERS\SON\DESKTOP\T32_RADAR\ESR_RADAR\DEBUG\ESR_RADAR.RES
C:\Users\Son\Desktop\T32_Radar\ESR_Radar\Debug\Draw_Controller.obj
C:\Users\Son\Desktop\T32_Radar\ESR_Radar\Debug\ESR_Radar.obj
C:\Users\Son\Desktop\T32_Radar\ESR_Radar\Debug\ESR_RadarDlg.obj
C:\Users\Son\Desktop\T32_Radar\ESR_Radar\Debug\Log_Controller.obj
C:\Users\Son\Desktop\T32_Radar\ESR_Radar\Debug\Radar_Protocol.obj
C:\Users\Son\Desktop\T32_Radar\ESR_Radar\Debug\stdafx.obj
C:\Users\Son\Desktop\T32_Radar\ESR_Radar\Debug\TCP_Connect.obj
C:\Users\Son\Desktop\T32_Radar\ESR_Radar\Debug\cl.command.1.tlog
C:\Users\Son\Desktop\T32_Radar\ESR_Radar\Debug\CL.read.1.tlog
C:\Users\Son\Desktop\T32_Radar\ESR_Radar\Debug\CL.write.1.tlog
C:\Users\Son\Desktop\T32_Radar\ESR_Radar\Debug\link-cvtres.read.1.tlog
C:\Users\Son\Desktop\T32_Radar\ESR_Radar\Debug\link-cvtres.write.1.tlog
C:\Users\Son\Desktop\T32_Radar\ESR_Radar\Debug\link-mt.read.1.tlog
C:\Users\Son\Desktop\T32_Radar\ESR_Radar\Debug\link-mt.write.1.tlog
C:\Users\Son\Desktop\T32_Radar\ESR_Radar\Debug\link-rc.read.1.tlog
C:\Users\Son\Desktop\T32_Radar\ESR_Radar\Debug\link-rc.write.1.tlog
C:\Users\Son\Desktop\T32_Radar\ESR_Radar\Debug\link.command.1.tlog
C:\Users\Son\Desktop\T32_Radar\ESR_Radar\Debug\link.read.1.tlog
C:\Users\Son\Desktop\T32_Radar\ESR_Radar\Debug\link.write.1.tlog
C:\Users\Son\Desktop\T32_Radar\ESR_Radar\Debug\rc.command.1.tlog
C:\Users\Son\Desktop\T32_Radar\ESR_Radar\Debug\rc.read.1.tlog
C:\Users\Son\Desktop\T32_Radar\ESR_Radar\Debug\rc.write.1.tlog
C:\Users\Son\Desktop\T32_Radar\ESR_Radar\Debug\ESR_Radar.res
C:\Users\Son\Desktop\T32_Radar\ESR_Radar\Debug\ESR_Radar.pch
C:\Users\Son\Desktop\T32_Radar\ESR_Radar\Debug\vc110.idb
C:\Users\Son\Desktop\T32_Radar\ESR_Radar\Debug\vc110.pdb
C:\Users\Son\Desktop\T32_Radar\Debug\ESR_Radar.pdb
C:\Users\Son\Desktop\T32_Radar\Debug\ESR_Radar.exe
C:\Users\Son\Desktop\T32_Radar\Debug\ESR_Radar.ilk
